------------------------------
Wed Jan 10 2018 12:23:57 PM
GET /guestBook
HEADERS=> {
  "host": "localhost:8000",
  "connection": "keep-alive",
  "cache-control": "max-age=0",
  "user-agent": "Mozilla/5.0 (Macintosh; Intel Mac OS X 10_13_2) AppleWebKit/537.36 (KHTML, like Gecko) Chrome/63.0.3239.132 Safari/537.36",
  "upgrade-insecure-requests": "1",
  "accept": "text/html,application/xhtml+xml,application/xml;q=0.9,image/webp,image/apng,*/*;q=0.8",
  "referer": "http://localhost:8000/login.html",
  "accept-encoding": "gzip, deflate, br",
  "accept-language": "en-US,en;q=0.9"
}
COOKIES=> {}
BODY=> {}
------------------------------
Wed Jan 10 2018 12:24:04 PM
POST /login.html
HEADERS=> {
  "host": "localhost:8000",
  "connection": "keep-alive",
  "content-length": "28",
  "cache-control": "max-age=0",
  "origin": "http://localhost:8000",
  "upgrade-insecure-requests": "1",
  "content-type": "application/x-www-form-urlencoded",
  "user-agent": "Mozilla/5.0 (Macintosh; Intel Mac OS X 10_13_2) AppleWebKit/537.36 (KHTML, like Gecko) Chrome/63.0.3239.132 Safari/537.36",
  "accept": "text/html,application/xhtml+xml,application/xml;q=0.9,image/webp,image/apng,*/*;q=0.8",
  "referer": "http://localhost:8000/login.html",
  "accept-encoding": "gzip, deflate, br",
  "accept-language": "en-US,en;q=0.9"
}
COOKIES=> {}
BODY=> {
  "userName": "yogi",
  "place": "banglore"
}
------------------------------
Wed Jan 10 2018 12:24:04 PM
GET /guestBook
HEADERS=> {
  "host": "localhost:8000",
  "connection": "keep-alive",
  "cache-control": "max-age=0",
  "upgrade-insecure-requests": "1",
  "user-agent": "Mozilla/5.0 (Macintosh; Intel Mac OS X 10_13_2) AppleWebKit/537.36 (KHTML, like Gecko) Chrome/63.0.3239.132 Safari/537.36",
  "accept": "text/html,application/xhtml+xml,application/xml;q=0.9,image/webp,image/apng,*/*;q=0.8",
  "referer": "http://localhost:8000/login.html",
  "accept-encoding": "gzip, deflate, br",
  "accept-language": "en-US,en;q=0.9",
  "cookie": "sessionid=1515567244043"
}
COOKIES=> {
  "sessionid": "1515567244043"
}
BODY=> {}
------------------------------
Wed Jan 10 2018 12:24:10 PM
POST /guestBook
HEADERS=> {
  "host": "localhost:8000",
  "connection": "keep-alive",
  "content-length": "45",
  "cache-control": "max-age=0",
  "origin": "http://localhost:8000",
  "upgrade-insecure-requests": "1",
  "content-type": "application/x-www-form-urlencoded",
  "user-agent": "Mozilla/5.0 (Macintosh; Intel Mac OS X 10_13_2) AppleWebKit/537.36 (KHTML, like Gecko) Chrome/63.0.3239.132 Safari/537.36",
  "accept": "text/html,application/xhtml+xml,application/xml;q=0.9,image/webp,image/apng,*/*;q=0.8",
  "referer": "http://localhost:8000/guestBook",
  "accept-encoding": "gzip, deflate, br",
  "accept-language": "en-US,en;q=0.9",
  "cookie": "sessionid=1515567244043"
}
COOKIES=> {
  "sessionid": "1515567244043"
}
BODY=> {
  "name": "yogi",
  "comment": "it is working!!",
  "submit": ""
}
------------------------------
Wed Jan 10 2018 12:24:10 PM
GET /guestBook
HEADERS=> {
  "host": "localhost:8000",
  "connection": "keep-alive",
  "cache-control": "max-age=0",
  "upgrade-insecure-requests": "1",
  "user-agent": "Mozilla/5.0 (Macintosh; Intel Mac OS X 10_13_2) AppleWebKit/537.36 (KHTML, like Gecko) Chrome/63.0.3239.132 Safari/537.36",
  "accept": "text/html,application/xhtml+xml,application/xml;q=0.9,image/webp,image/apng,*/*;q=0.8",
  "referer": "http://localhost:8000/guestBook",
  "accept-encoding": "gzip, deflate, br",
  "accept-language": "en-US,en;q=0.9",
  "cookie": "sessionid=1515567244043"
}
COOKIES=> {
  "sessionid": "1515567244043"
}
BODY=> {}
------------------------------
Wed Jan 10 2018 12:24:14 PM
GET /logout
HEADERS=> {
  "host": "localhost:8000",
  "connection": "keep-alive",
  "upgrade-insecure-requests": "1",
  "user-agent": "Mozilla/5.0 (Macintosh; Intel Mac OS X 10_13_2) AppleWebKit/537.36 (KHTML, like Gecko) Chrome/63.0.3239.132 Safari/537.36",
  "accept": "text/html,application/xhtml+xml,application/xml;q=0.9,image/webp,image/apng,*/*;q=0.8",
  "referer": "http://localhost:8000/guestBook",
  "accept-encoding": "gzip, deflate, br",
  "accept-language": "en-US,en;q=0.9",
  "cookie": "sessionid=1515567244043"
}
COOKIES=> {
  "sessionid": "1515567244043"
}
BODY=> {}
------------------------------
Wed Jan 10 2018 12:24:37 PM
GET /logout
HEADERS=> {
  "host": "localhost:8000",
  "connection": "keep-alive",
  "cache-control": "max-age=0",
  "user-agent": "Mozilla/5.0 (Macintosh; Intel Mac OS X 10_13_2) AppleWebKit/537.36 (KHTML, like Gecko) Chrome/63.0.3239.132 Safari/537.36",
  "upgrade-insecure-requests": "1",
  "accept": "text/html,application/xhtml+xml,application/xml;q=0.9,image/webp,image/apng,*/*;q=0.8",
  "referer": "http://localhost:8000/guestBook",
  "accept-encoding": "gzip, deflate, br",
  "accept-language": "en-US,en;q=0.9",
  "cookie": "sessionid=1515567244043"
}
COOKIES=> {
  "sessionid": "1515567244043"
}
BODY=> {}
------------------------------
Wed Jan 10 2018 12:24:47 PM
GET /guestBook
HEADERS=> {
  "host": "localhost:8000",
  "connection": "keep-alive",
  "cache-control": "max-age=0",
  "user-agent": "Mozilla/5.0 (Macintosh; Intel Mac OS X 10_13_2) AppleWebKit/537.36 (KHTML, like Gecko) Chrome/63.0.3239.132 Safari/537.36",
  "upgrade-insecure-requests": "1",
  "accept": "text/html,application/xhtml+xml,application/xml;q=0.9,image/webp,image/apng,*/*;q=0.8",
  "referer": "http://localhost:8000/guestBook",
  "accept-encoding": "gzip, deflate, br",
  "accept-language": "en-US,en;q=0.9",
  "cookie": "sessionid=1515567244043"
}
COOKIES=> {
  "sessionid": "1515567244043"
}
BODY=> {}
------------------------------
Wed Jan 10 2018 12:24:55 PM
POST /login.html
HEADERS=> {
  "host": "localhost:8000",
  "connection": "keep-alive",
  "content-length": "28",
  "cache-control": "max-age=0",
  "origin": "http://localhost:8000",
  "upgrade-insecure-requests": "1",
  "content-type": "application/x-www-form-urlencoded",
  "user-agent": "Mozilla/5.0 (Macintosh; Intel Mac OS X 10_13_2) AppleWebKit/537.36 (KHTML, like Gecko) Chrome/63.0.3239.132 Safari/537.36",
  "accept": "text/html,application/xhtml+xml,application/xml;q=0.9,image/webp,image/apng,*/*;q=0.8",
  "referer": "http://localhost:8000/login.html",
  "accept-encoding": "gzip, deflate, br",
  "accept-language": "en-US,en;q=0.9",
  "cookie": "sessionid=1515567244043"
}
COOKIES=> {
  "sessionid": "1515567244043"
}
BODY=> {
  "userName": "yogi",
  "place": "banglore"
}
------------------------------
Wed Jan 10 2018 12:24:55 PM
GET /guestBook
HEADERS=> {
  "host": "localhost:8000",
  "connection": "keep-alive",
  "cache-control": "max-age=0",
  "upgrade-insecure-requests": "1",
  "user-agent": "Mozilla/5.0 (Macintosh; Intel Mac OS X 10_13_2) AppleWebKit/537.36 (KHTML, like Gecko) Chrome/63.0.3239.132 Safari/537.36",
  "accept": "text/html,application/xhtml+xml,application/xml;q=0.9,image/webp,image/apng,*/*;q=0.8",
  "referer": "http://localhost:8000/login.html",
  "accept-encoding": "gzip, deflate, br",
  "accept-language": "en-US,en;q=0.9",
  "cookie": "sessionid=1515567295971"
}
COOKIES=> {
  "sessionid": "1515567295971"
}
BODY=> {}
------------------------------
Wed Jan 10 2018 12:25:02 PM
POST /guestBook
HEADERS=> {
  "host": "localhost:8000",
  "connection": "keep-alive",
  "content-length": "36",
  "cache-control": "max-age=0",
  "origin": "http://localhost:8000",
  "upgrade-insecure-requests": "1",
  "content-type": "application/x-www-form-urlencoded",
  "user-agent": "Mozilla/5.0 (Macintosh; Intel Mac OS X 10_13_2) AppleWebKit/537.36 (KHTML, like Gecko) Chrome/63.0.3239.132 Safari/537.36",
  "accept": "text/html,application/xhtml+xml,application/xml;q=0.9,image/webp,image/apng,*/*;q=0.8",
  "referer": "http://localhost:8000/guestBook",
  "accept-encoding": "gzip, deflate, br",
  "accept-language": "en-US,en;q=0.9",
  "cookie": "sessionid=1515567295971"
}
COOKIES=> {
  "sessionid": "1515567295971"
}
BODY=> {
  "name": "yogi",
  "comment": "but why?",
  "submit": ""
}
------------------------------
Wed Jan 10 2018 12:25:02 PM
GET /guestBook
HEADERS=> {
  "host": "localhost:8000",
  "connection": "keep-alive",
  "cache-control": "max-age=0",
  "upgrade-insecure-requests": "1",
  "user-agent": "Mozilla/5.0 (Macintosh; Intel Mac OS X 10_13_2) AppleWebKit/537.36 (KHTML, like Gecko) Chrome/63.0.3239.132 Safari/537.36",
  "accept": "text/html,application/xhtml+xml,application/xml;q=0.9,image/webp,image/apng,*/*;q=0.8",
  "referer": "http://localhost:8000/guestBook",
  "accept-encoding": "gzip, deflate, br",
  "accept-language": "en-US,en;q=0.9",
  "cookie": "sessionid=1515567295971"
}
COOKIES=> {
  "sessionid": "1515567295971"
}
BODY=> {}
------------------------------
Wed Jan 10 2018 12:31:08 PM
GET /guestBook
HEADERS=> {
  "host": "localhost:8000",
  "connection": "keep-alive",
  "cache-control": "max-age=0",
  "user-agent": "Mozilla/5.0 (Macintosh; Intel Mac OS X 10_13_2) AppleWebKit/537.36 (KHTML, like Gecko) Chrome/63.0.3239.132 Safari/537.36",
  "upgrade-insecure-requests": "1",
  "accept": "text/html,application/xhtml+xml,application/xml;q=0.9,image/webp,image/apng,*/*;q=0.8",
  "referer": "http://localhost:8000/guestBook",
  "accept-encoding": "gzip, deflate, br",
  "accept-language": "en-US,en;q=0.9",
  "cookie": "sessionid=1515567295971"
}
COOKIES=> {
  "sessionid": "1515567295971"
}
BODY=> {}
------------------------------
Wed Jan 10 2018 12:31:15 PM
POST /login.html
HEADERS=> {
  "host": "localhost:8000",
  "connection": "keep-alive",
  "content-length": "28",
  "cache-control": "max-age=0",
  "origin": "http://localhost:8000",
  "upgrade-insecure-requests": "1",
  "content-type": "application/x-www-form-urlencoded",
  "user-agent": "Mozilla/5.0 (Macintosh; Intel Mac OS X 10_13_2) AppleWebKit/537.36 (KHTML, like Gecko) Chrome/63.0.3239.132 Safari/537.36",
  "accept": "text/html,application/xhtml+xml,application/xml;q=0.9,image/webp,image/apng,*/*;q=0.8",
  "referer": "http://localhost:8000/login.html",
  "accept-encoding": "gzip, deflate, br",
  "accept-language": "en-US,en;q=0.9",
  "cookie": "sessionid=1515567295971"
}
COOKIES=> {
  "sessionid": "1515567295971"
}
BODY=> {
  "userName": "yogi",
  "place": "banglore"
}
------------------------------
Wed Jan 10 2018 12:31:15 PM
GET /guestBook
HEADERS=> {
  "host": "localhost:8000",
  "connection": "keep-alive",
  "cache-control": "max-age=0",
  "upgrade-insecure-requests": "1",
  "user-agent": "Mozilla/5.0 (Macintosh; Intel Mac OS X 10_13_2) AppleWebKit/537.36 (KHTML, like Gecko) Chrome/63.0.3239.132 Safari/537.36",
  "accept": "text/html,application/xhtml+xml,application/xml;q=0.9,image/webp,image/apng,*/*;q=0.8",
  "referer": "http://localhost:8000/login.html",
  "accept-encoding": "gzip, deflate, br",
  "accept-language": "en-US,en;q=0.9",
  "cookie": "sessionid=1515567675306"
}
COOKIES=> {
  "sessionid": "1515567675306"
}
BODY=> {}
------------------------------
Wed Jan 10 2018 12:31:18 PM
GET /logout
HEADERS=> {
  "host": "localhost:8000",
  "connection": "keep-alive",
  "upgrade-insecure-requests": "1",
  "user-agent": "Mozilla/5.0 (Macintosh; Intel Mac OS X 10_13_2) AppleWebKit/537.36 (KHTML, like Gecko) Chrome/63.0.3239.132 Safari/537.36",
  "accept": "text/html,application/xhtml+xml,application/xml;q=0.9,image/webp,image/apng,*/*;q=0.8",
  "referer": "http://localhost:8000/guestBook",
  "accept-encoding": "gzip, deflate, br",
  "accept-language": "en-US,en;q=0.9",
  "cookie": "sessionid=1515567675306"
}
COOKIES=> {
  "sessionid": "1515567675306"
}
BODY=> {}
------------------------------
Wed Jan 10 2018 12:31:18 PM
GET /guestBook
HEADERS=> {
  "host": "localhost:8000",
  "connection": "keep-alive",
  "upgrade-insecure-requests": "1",
  "user-agent": "Mozilla/5.0 (Macintosh; Intel Mac OS X 10_13_2) AppleWebKit/537.36 (KHTML, like Gecko) Chrome/63.0.3239.132 Safari/537.36",
  "accept": "text/html,application/xhtml+xml,application/xml;q=0.9,image/webp,image/apng,*/*;q=0.8",
  "referer": "http://localhost:8000/guestBook",
  "accept-encoding": "gzip, deflate, br",
  "accept-language": "en-US,en;q=0.9"
}
COOKIES=> {}
BODY=> {}
------------------------------
Wed Jan 10 2018 12:31:29 PM
GET /guestBook
HEADERS=> {
  "host": "localhost:8000",
  "connection": "keep-alive",
  "cache-control": "max-age=0",
  "user-agent": "Mozilla/5.0 (Macintosh; Intel Mac OS X 10_13_2) AppleWebKit/537.36 (KHTML, like Gecko) Chrome/63.0.3239.132 Safari/537.36",
  "upgrade-insecure-requests": "1",
  "accept": "text/html,application/xhtml+xml,application/xml;q=0.9,image/webp,image/apng,*/*;q=0.8",
  "referer": "http://localhost:8000/guestBook",
  "accept-encoding": "gzip, deflate, br",
  "accept-language": "en-US,en;q=0.9"
}
COOKIES=> {}
BODY=> {}
------------------------------
Wed Jan 10 2018 12:32:20 PM
GET /guestBook
HEADERS=> {
  "host": "localhost:8000",
  "connection": "keep-alive",
  "cache-control": "max-age=0",
  "user-agent": "Mozilla/5.0 (Macintosh; Intel Mac OS X 10_13_2) AppleWebKit/537.36 (KHTML, like Gecko) Chrome/63.0.3239.132 Safari/537.36",
  "upgrade-insecure-requests": "1",
  "accept": "text/html,application/xhtml+xml,application/xml;q=0.9,image/webp,image/apng,*/*;q=0.8",
  "referer": "http://localhost:8000/guestBook",
  "accept-encoding": "gzip, deflate, br",
  "accept-language": "en-US,en;q=0.9"
}
COOKIES=> {}
BODY=> {}
------------------------------
Wed Jan 10 2018 12:32:31 PM
POST /login.html
HEADERS=> {
  "host": "localhost:8000",
  "connection": "keep-alive",
  "content-length": "28",
  "cache-control": "max-age=0",
  "origin": "http://localhost:8000",
  "upgrade-insecure-requests": "1",
  "content-type": "application/x-www-form-urlencoded",
  "user-agent": "Mozilla/5.0 (Macintosh; Intel Mac OS X 10_13_2) AppleWebKit/537.36 (KHTML, like Gecko) Chrome/63.0.3239.132 Safari/537.36",
  "accept": "text/html,application/xhtml+xml,application/xml;q=0.9,image/webp,image/apng,*/*;q=0.8",
  "referer": "http://localhost:8000/login.html",
  "accept-encoding": "gzip, deflate, br",
  "accept-language": "en-US,en;q=0.9"
}
COOKIES=> {}
BODY=> {
  "userName": "yogi",
  "place": "banglore"
}
------------------------------
Wed Jan 10 2018 12:32:31 PM
GET /guestBook
HEADERS=> {
  "host": "localhost:8000",
  "connection": "keep-alive",
  "cache-control": "max-age=0",
  "upgrade-insecure-requests": "1",
  "user-agent": "Mozilla/5.0 (Macintosh; Intel Mac OS X 10_13_2) AppleWebKit/537.36 (KHTML, like Gecko) Chrome/63.0.3239.132 Safari/537.36",
  "accept": "text/html,application/xhtml+xml,application/xml;q=0.9,image/webp,image/apng,*/*;q=0.8",
  "referer": "http://localhost:8000/login.html",
  "accept-encoding": "gzip, deflate, br",
  "accept-language": "en-US,en;q=0.9",
  "cookie": "sessionid=1515567751015"
}
COOKIES=> {
  "sessionid": "1515567751015"
}
BODY=> {}
------------------------------
Wed Jan 10 2018 12:32:39 PM
GET /logout
HEADERS=> {
  "host": "localhost:8000",
  "connection": "keep-alive",
  "upgrade-insecure-requests": "1",
  "user-agent": "Mozilla/5.0 (Macintosh; Intel Mac OS X 10_13_2) AppleWebKit/537.36 (KHTML, like Gecko) Chrome/63.0.3239.132 Safari/537.36",
  "accept": "text/html,application/xhtml+xml,application/xml;q=0.9,image/webp,image/apng,*/*;q=0.8",
  "referer": "http://localhost:8000/guestBook",
  "accept-encoding": "gzip, deflate, br",
  "accept-language": "en-US,en;q=0.9",
  "cookie": "sessionid=1515567751015"
}
COOKIES=> {
  "sessionid": "1515567751015"
}
BODY=> {}
------------------------------
Wed Jan 10 2018 12:32:39 PM
GET /guestBook
HEADERS=> {
  "host": "localhost:8000",
  "connection": "keep-alive",
  "upgrade-insecure-requests": "1",
  "user-agent": "Mozilla/5.0 (Macintosh; Intel Mac OS X 10_13_2) AppleWebKit/537.36 (KHTML, like Gecko) Chrome/63.0.3239.132 Safari/537.36",
  "accept": "text/html,application/xhtml+xml,application/xml;q=0.9,image/webp,image/apng,*/*;q=0.8",
  "referer": "http://localhost:8000/guestBook",
  "accept-encoding": "gzip, deflate, br",
  "accept-language": "en-US,en;q=0.9"
}
COOKIES=> {}
BODY=> {}
------------------------------
Wed Jan 10 2018 12:32:48 PM
GET /guestBook
HEADERS=> {
  "host": "localhost:8000",
  "connection": "keep-alive",
  "cache-control": "max-age=0",
  "user-agent": "Mozilla/5.0 (Macintosh; Intel Mac OS X 10_13_2) AppleWebKit/537.36 (KHTML, like Gecko) Chrome/63.0.3239.132 Safari/537.36",
  "upgrade-insecure-requests": "1",
  "accept": "text/html,application/xhtml+xml,application/xml;q=0.9,image/webp,image/apng,*/*;q=0.8",
  "referer": "http://localhost:8000/guestBook",
  "accept-encoding": "gzip, deflate, br",
  "accept-language": "en-US,en;q=0.9"
}
COOKIES=> {}
BODY=> {}
------------------------------
Wed Jan 10 2018 12:32:49 PM
GET /guestBook
HEADERS=> {
  "host": "localhost:8000",
  "connection": "keep-alive",
  "cache-control": "max-age=0",
  "user-agent": "Mozilla/5.0 (Macintosh; Intel Mac OS X 10_13_2) AppleWebKit/537.36 (KHTML, like Gecko) Chrome/63.0.3239.132 Safari/537.36",
  "upgrade-insecure-requests": "1",
  "accept": "text/html,application/xhtml+xml,application/xml;q=0.9,image/webp,image/apng,*/*;q=0.8",
  "referer": "http://localhost:8000/guestBook",
  "accept-encoding": "gzip, deflate, br",
  "accept-language": "en-US,en;q=0.9"
}
COOKIES=> {}
BODY=> {}
------------------------------
Wed Jan 10 2018 12:32:49 PM
GET /guestBook
HEADERS=> {
  "host": "localhost:8000",
  "connection": "keep-alive",
  "cache-control": "max-age=0",
  "user-agent": "Mozilla/5.0 (Macintosh; Intel Mac OS X 10_13_2) AppleWebKit/537.36 (KHTML, like Gecko) Chrome/63.0.3239.132 Safari/537.36",
  "upgrade-insecure-requests": "1",
  "accept": "text/html,application/xhtml+xml,application/xml;q=0.9,image/webp,image/apng,*/*;q=0.8",
  "referer": "http://localhost:8000/guestBook",
  "accept-encoding": "gzip, deflate, br",
  "accept-language": "en-US,en;q=0.9"
}
COOKIES=> {}
BODY=> {}
------------------------------
Wed Jan 10 2018 12:32:54 PM
GET /guestBook
HEADERS=> {
  "host": "localhost:8000",
  "connection": "keep-alive",
  "upgrade-insecure-requests": "1",
  "user-agent": "Mozilla/5.0 (Macintosh; Intel Mac OS X 10_13_2) AppleWebKit/537.36 (KHTML, like Gecko) Chrome/63.0.3239.132 Safari/537.36",
  "accept": "text/html,application/xhtml+xml,application/xml;q=0.9,image/webp,image/apng,*/*;q=0.8",
  "referer": "http://localhost:8000/index.html",
  "accept-encoding": "gzip, deflate, br",
  "accept-language": "en-US,en;q=0.9"
}
COOKIES=> {}
BODY=> {}
------------------------------
Wed Jan 10 2018 12:33:50 PM
GET /guestBook
HEADERS=> {
  "host": "localhost:8000",
  "connection": "keep-alive",
  "cache-control": "max-age=0",
  "user-agent": "Mozilla/5.0 (Macintosh; Intel Mac OS X 10_13_2) AppleWebKit/537.36 (KHTML, like Gecko) Chrome/63.0.3239.132 Safari/537.36",
  "upgrade-insecure-requests": "1",
  "accept": "text/html,application/xhtml+xml,application/xml;q=0.9,image/webp,image/apng,*/*;q=0.8",
  "referer": "http://localhost:8000/index.html",
  "accept-encoding": "gzip, deflate, br",
  "accept-language": "en-US,en;q=0.9"
}
COOKIES=> {}
BODY=> {}
------------------------------
Wed Jan 10 2018 12:33:59 PM
POST /login.html
HEADERS=> {
  "host": "localhost:8000",
  "connection": "keep-alive",
  "content-length": "28",
  "cache-control": "max-age=0",
  "origin": "http://localhost:8000",
  "upgrade-insecure-requests": "1",
  "content-type": "application/x-www-form-urlencoded",
  "user-agent": "Mozilla/5.0 (Macintosh; Intel Mac OS X 10_13_2) AppleWebKit/537.36 (KHTML, like Gecko) Chrome/63.0.3239.132 Safari/537.36",
  "accept": "text/html,application/xhtml+xml,application/xml;q=0.9,image/webp,image/apng,*/*;q=0.8",
  "referer": "http://localhost:8000/login.html",
  "accept-encoding": "gzip, deflate, br",
  "accept-language": "en-US,en;q=0.9"
}
COOKIES=> {}
BODY=> {
  "userName": "yogi",
  "place": "banglore"
}
------------------------------
Wed Jan 10 2018 12:33:59 PM
GET /guestBook
HEADERS=> {
  "host": "localhost:8000",
  "connection": "keep-alive",
  "cache-control": "max-age=0",
  "upgrade-insecure-requests": "1",
  "user-agent": "Mozilla/5.0 (Macintosh; Intel Mac OS X 10_13_2) AppleWebKit/537.36 (KHTML, like Gecko) Chrome/63.0.3239.132 Safari/537.36",
  "accept": "text/html,application/xhtml+xml,application/xml;q=0.9,image/webp,image/apng,*/*;q=0.8",
  "referer": "http://localhost:8000/login.html",
  "accept-encoding": "gzip, deflate, br",
  "accept-language": "en-US,en;q=0.9",
  "cookie": "sessionid=1515567839933"
}
COOKIES=> {
  "sessionid": "1515567839933"
}
BODY=> {}
------------------------------
Wed Jan 10 2018 12:34:05 PM
GET /logout
HEADERS=> {
  "host": "localhost:8000",
  "connection": "keep-alive",
  "upgrade-insecure-requests": "1",
  "user-agent": "Mozilla/5.0 (Macintosh; Intel Mac OS X 10_13_2) AppleWebKit/537.36 (KHTML, like Gecko) Chrome/63.0.3239.132 Safari/537.36",
  "accept": "text/html,application/xhtml+xml,application/xml;q=0.9,image/webp,image/apng,*/*;q=0.8",
  "referer": "http://localhost:8000/guestBook",
  "accept-encoding": "gzip, deflate, br",
  "accept-language": "en-US,en;q=0.9",
  "cookie": "sessionid=1515567839933"
}
COOKIES=> {
  "sessionid": "1515567839933"
}
BODY=> {}
------------------------------
Wed Jan 10 2018 12:34:05 PM
GET /guestBook
HEADERS=> {
  "host": "localhost:8000",
  "connection": "keep-alive",
  "upgrade-insecure-requests": "1",
  "user-agent": "Mozilla/5.0 (Macintosh; Intel Mac OS X 10_13_2) AppleWebKit/537.36 (KHTML, like Gecko) Chrome/63.0.3239.132 Safari/537.36",
  "accept": "text/html,application/xhtml+xml,application/xml;q=0.9,image/webp,image/apng,*/*;q=0.8",
  "referer": "http://localhost:8000/guestBook",
  "accept-encoding": "gzip, deflate, br",
  "accept-language": "en-US,en;q=0.9"
}
COOKIES=> {}
BODY=> {}
------------------------------
Wed Jan 10 2018 12:37:13 PM
GET /guestBook
HEADERS=> {
  "host": "localhost:8000",
  "connection": "keep-alive",
  "cache-control": "max-age=0",
  "user-agent": "Mozilla/5.0 (Macintosh; Intel Mac OS X 10_13_2) AppleWebKit/537.36 (KHTML, like Gecko) Chrome/63.0.3239.132 Safari/537.36",
  "upgrade-insecure-requests": "1",
  "accept": "text/html,application/xhtml+xml,application/xml;q=0.9,image/webp,image/apng,*/*;q=0.8",
  "referer": "http://localhost:8000/guestBook",
  "accept-encoding": "gzip, deflate, br",
  "accept-language": "en-US,en;q=0.9"
}
COOKIES=> {}
BODY=> {}
------------------------------
Wed Jan 10 2018 12:37:26 PM
POST /login.html
HEADERS=> {
  "host": "localhost:8000",
  "connection": "keep-alive",
  "content-length": "28",
  "cache-control": "max-age=0",
  "origin": "http://localhost:8000",
  "upgrade-insecure-requests": "1",
  "content-type": "application/x-www-form-urlencoded",
  "user-agent": "Mozilla/5.0 (Macintosh; Intel Mac OS X 10_13_2) AppleWebKit/537.36 (KHTML, like Gecko) Chrome/63.0.3239.132 Safari/537.36",
  "accept": "text/html,application/xhtml+xml,application/xml;q=0.9,image/webp,image/apng,*/*;q=0.8",
  "referer": "http://localhost:8000/login.html",
  "accept-encoding": "gzip, deflate, br",
  "accept-language": "en-US,en;q=0.9"
}
COOKIES=> {}
BODY=> {
  "userName": "yogi",
  "place": "banglore"
}
------------------------------
Wed Jan 10 2018 12:37:26 PM
GET /guestBook
HEADERS=> {
  "host": "localhost:8000",
  "connection": "keep-alive",
  "cache-control": "max-age=0",
  "upgrade-insecure-requests": "1",
  "user-agent": "Mozilla/5.0 (Macintosh; Intel Mac OS X 10_13_2) AppleWebKit/537.36 (KHTML, like Gecko) Chrome/63.0.3239.132 Safari/537.36",
  "accept": "text/html,application/xhtml+xml,application/xml;q=0.9,image/webp,image/apng,*/*;q=0.8",
  "referer": "http://localhost:8000/login.html",
  "accept-encoding": "gzip, deflate, br",
  "accept-language": "en-US,en;q=0.9",
  "cookie": "sessionid=1515568046770"
}
COOKIES=> {
  "sessionid": "1515568046770"
}
BODY=> {}
------------------------------
Wed Jan 10 2018 12:37:33 PM
GET /logout
HEADERS=> {
  "host": "localhost:8000",
  "connection": "keep-alive",
  "upgrade-insecure-requests": "1",
  "user-agent": "Mozilla/5.0 (Macintosh; Intel Mac OS X 10_13_2) AppleWebKit/537.36 (KHTML, like Gecko) Chrome/63.0.3239.132 Safari/537.36",
  "accept": "text/html,application/xhtml+xml,application/xml;q=0.9,image/webp,image/apng,*/*;q=0.8",
  "referer": "http://localhost:8000/guestBook",
  "accept-encoding": "gzip, deflate, br",
  "accept-language": "en-US,en;q=0.9",
  "cookie": "sessionid=1515568046770"
}
COOKIES=> {
  "sessionid": "1515568046770"
}
BODY=> {}
------------------------------
Wed Jan 10 2018 12:37:33 PM
GET /guestBook
HEADERS=> {
  "host": "localhost:8000",
  "connection": "keep-alive",
  "upgrade-insecure-requests": "1",
  "user-agent": "Mozilla/5.0 (Macintosh; Intel Mac OS X 10_13_2) AppleWebKit/537.36 (KHTML, like Gecko) Chrome/63.0.3239.132 Safari/537.36",
  "accept": "text/html,application/xhtml+xml,application/xml;q=0.9,image/webp,image/apng,*/*;q=0.8",
  "referer": "http://localhost:8000/guestBook",
  "accept-encoding": "gzip, deflate, br",
  "accept-language": "en-US,en;q=0.9"
}
COOKIES=> {}
BODY=> {}
------------------------------
Wed Jan 10 2018 12:37:45 PM
GET /guestBook
HEADERS=> {
  "host": "localhost:8000",
  "connection": "keep-alive",
  "cache-control": "max-age=0",
  "user-agent": "Mozilla/5.0 (Macintosh; Intel Mac OS X 10_13_2) AppleWebKit/537.36 (KHTML, like Gecko) Chrome/63.0.3239.132 Safari/537.36",
  "upgrade-insecure-requests": "1",
  "accept": "text/html,application/xhtml+xml,application/xml;q=0.9,image/webp,image/apng,*/*;q=0.8",
  "referer": "http://localhost:8000/guestBook",
  "accept-encoding": "gzip, deflate, br",
  "accept-language": "en-US,en;q=0.9"
}
COOKIES=> {}
BODY=> {}
------------------------------
Wed Jan 10 2018 12:38:26 PM
GET /guestBook
HEADERS=> {
  "host": "localhost:8000",
  "connection": "keep-alive",
  "cache-control": "max-age=0",
  "user-agent": "Mozilla/5.0 (Macintosh; Intel Mac OS X 10_13_2) AppleWebKit/537.36 (KHTML, like Gecko) Chrome/63.0.3239.132 Safari/537.36",
  "upgrade-insecure-requests": "1",
  "accept": "text/html,application/xhtml+xml,application/xml;q=0.9,image/webp,image/apng,*/*;q=0.8",
  "referer": "http://localhost:8000/guestBook",
  "accept-encoding": "gzip, deflate, br",
  "accept-language": "en-US,en;q=0.9"
}
COOKIES=> {}
BODY=> {}
------------------------------
Wed Jan 10 2018 12:38:39 PM
POST /login.html
HEADERS=> {
  "host": "localhost:8000",
  "connection": "keep-alive",
  "content-length": "28",
  "cache-control": "max-age=0",
  "origin": "http://localhost:8000",
  "upgrade-insecure-requests": "1",
  "content-type": "application/x-www-form-urlencoded",
  "user-agent": "Mozilla/5.0 (Macintosh; Intel Mac OS X 10_13_2) AppleWebKit/537.36 (KHTML, like Gecko) Chrome/63.0.3239.132 Safari/537.36",
  "accept": "text/html,application/xhtml+xml,application/xml;q=0.9,image/webp,image/apng,*/*;q=0.8",
  "referer": "http://localhost:8000/login.html",
  "accept-encoding": "gzip, deflate, br",
  "accept-language": "en-US,en;q=0.9"
}
COOKIES=> {}
BODY=> {
  "userName": "yogi",
  "place": "banglore"
}
------------------------------
Wed Jan 10 2018 12:38:39 PM
GET /guestBook
HEADERS=> {
  "host": "localhost:8000",
  "connection": "keep-alive",
  "cache-control": "max-age=0",
  "upgrade-insecure-requests": "1",
  "user-agent": "Mozilla/5.0 (Macintosh; Intel Mac OS X 10_13_2) AppleWebKit/537.36 (KHTML, like Gecko) Chrome/63.0.3239.132 Safari/537.36",
  "accept": "text/html,application/xhtml+xml,application/xml;q=0.9,image/webp,image/apng,*/*;q=0.8",
  "referer": "http://localhost:8000/login.html",
  "accept-encoding": "gzip, deflate, br",
  "accept-language": "en-US,en;q=0.9",
  "cookie": "sessionid=1515568119763"
}
COOKIES=> {
  "sessionid": "1515568119763"
}
BODY=> {}
------------------------------
Wed Jan 10 2018 12:38:42 PM
GET /logout
HEADERS=> {
  "host": "localhost:8000",
  "connection": "keep-alive",
  "upgrade-insecure-requests": "1",
  "user-agent": "Mozilla/5.0 (Macintosh; Intel Mac OS X 10_13_2) AppleWebKit/537.36 (KHTML, like Gecko) Chrome/63.0.3239.132 Safari/537.36",
  "accept": "text/html,application/xhtml+xml,application/xml;q=0.9,image/webp,image/apng,*/*;q=0.8",
  "referer": "http://localhost:8000/guestBook",
  "accept-encoding": "gzip, deflate, br",
  "accept-language": "en-US,en;q=0.9",
  "cookie": "sessionid=1515568119763"
}
COOKIES=> {
  "sessionid": "1515568119763"
}
BODY=> {}
------------------------------
Wed Jan 10 2018 12:38:42 PM
GET /guestBook
HEADERS=> {
  "host": "localhost:8000",
  "connection": "keep-alive",
  "upgrade-insecure-requests": "1",
  "user-agent": "Mozilla/5.0 (Macintosh; Intel Mac OS X 10_13_2) AppleWebKit/537.36 (KHTML, like Gecko) Chrome/63.0.3239.132 Safari/537.36",
  "accept": "text/html,application/xhtml+xml,application/xml;q=0.9,image/webp,image/apng,*/*;q=0.8",
  "referer": "http://localhost:8000/guestBook",
  "accept-encoding": "gzip, deflate, br",
  "accept-language": "en-US,en;q=0.9"
}
COOKIES=> {}
BODY=> {}
------------------------------
Wed Jan 10 2018 12:39:47 PM
GET /guestBook
HEADERS=> {
  "host": "localhost:8000",
  "connection": "keep-alive",
  "cache-control": "max-age=0",
  "user-agent": "Mozilla/5.0 (Macintosh; Intel Mac OS X 10_13_2) AppleWebKit/537.36 (KHTML, like Gecko) Chrome/63.0.3239.132 Safari/537.36",
  "upgrade-insecure-requests": "1",
  "accept": "text/html,application/xhtml+xml,application/xml;q=0.9,image/webp,image/apng,*/*;q=0.8",
  "referer": "http://localhost:8000/guestBook",
  "accept-encoding": "gzip, deflate, br",
  "accept-language": "en-US,en;q=0.9"
}
COOKIES=> {}
BODY=> {}
------------------------------
Wed Jan 10 2018 12:39:54 PM
POST /login.html
HEADERS=> {
  "host": "localhost:8000",
  "connection": "keep-alive",
  "content-length": "28",
  "cache-control": "max-age=0",
  "origin": "http://localhost:8000",
  "upgrade-insecure-requests": "1",
  "content-type": "application/x-www-form-urlencoded",
  "user-agent": "Mozilla/5.0 (Macintosh; Intel Mac OS X 10_13_2) AppleWebKit/537.36 (KHTML, like Gecko) Chrome/63.0.3239.132 Safari/537.36",
  "accept": "text/html,application/xhtml+xml,application/xml;q=0.9,image/webp,image/apng,*/*;q=0.8",
  "referer": "http://localhost:8000/login.html",
  "accept-encoding": "gzip, deflate, br",
  "accept-language": "en-US,en;q=0.9"
}
COOKIES=> {}
BODY=> {
  "userName": "yogi",
  "place": "banglore"
}
------------------------------
Wed Jan 10 2018 12:39:54 PM
GET /guestBook
HEADERS=> {
  "host": "localhost:8000",
  "connection": "keep-alive",
  "cache-control": "max-age=0",
  "upgrade-insecure-requests": "1",
  "user-agent": "Mozilla/5.0 (Macintosh; Intel Mac OS X 10_13_2) AppleWebKit/537.36 (KHTML, like Gecko) Chrome/63.0.3239.132 Safari/537.36",
  "accept": "text/html,application/xhtml+xml,application/xml;q=0.9,image/webp,image/apng,*/*;q=0.8",
  "referer": "http://localhost:8000/login.html",
  "accept-encoding": "gzip, deflate, br",
  "accept-language": "en-US,en;q=0.9",
  "cookie": "sessionid=1515568194821"
}
COOKIES=> {
  "sessionid": "1515568194821"
}
BODY=> {}
------------------------------
Wed Jan 10 2018 12:49:24 PM
GET /guestBook
HEADERS=> {
  "host": "localhost:8000",
  "connection": "keep-alive",
  "cache-control": "max-age=0",
  "user-agent": "Mozilla/5.0 (Macintosh; Intel Mac OS X 10_13_2) AppleWebKit/537.36 (KHTML, like Gecko) Chrome/63.0.3239.132 Safari/537.36",
  "upgrade-insecure-requests": "1",
  "accept": "text/html,application/xhtml+xml,application/xml;q=0.9,image/webp,image/apng,*/*;q=0.8",
  "accept-encoding": "gzip, deflate, br",
  "accept-language": "en-US,en;q=0.9",
  "cookie": "sessionid=1515568194821"
}
COOKIES=> {
  "sessionid": "1515568194821"
}
BODY=> {}
------------------------------
Wed Jan 10 2018 12:49:32 PM
POST /login.html
HEADERS=> {
  "host": "localhost:8000",
  "connection": "keep-alive",
  "content-length": "28",
  "cache-control": "max-age=0",
  "origin": "http://localhost:8000",
  "upgrade-insecure-requests": "1",
  "content-type": "application/x-www-form-urlencoded",
  "user-agent": "Mozilla/5.0 (Macintosh; Intel Mac OS X 10_13_2) AppleWebKit/537.36 (KHTML, like Gecko) Chrome/63.0.3239.132 Safari/537.36",
  "accept": "text/html,application/xhtml+xml,application/xml;q=0.9,image/webp,image/apng,*/*;q=0.8",
  "referer": "http://localhost:8000/login.html",
  "accept-encoding": "gzip, deflate, br",
  "accept-language": "en-US,en;q=0.9",
  "cookie": "sessionid=1515568194821"
}
COOKIES=> {
  "sessionid": "1515568194821"
}
BODY=> {
  "userName": "yogi",
  "place": "banglore"
}
------------------------------
Wed Jan 10 2018 12:50:18 PM
GET /guestBook
HEADERS=> {
  "host": "localhost:8000",
  "connection": "keep-alive",
  "cache-control": "max-age=0",
  "user-agent": "Mozilla/5.0 (Macintosh; Intel Mac OS X 10_13_2) AppleWebKit/537.36 (KHTML, like Gecko) Chrome/63.0.3239.132 Safari/537.36",
  "upgrade-insecure-requests": "1",
  "accept": "text/html,application/xhtml+xml,application/xml;q=0.9,image/webp,image/apng,*/*;q=0.8",
  "accept-encoding": "gzip, deflate, br",
  "accept-language": "en-US,en;q=0.9",
  "cookie": "sessionid=1515568772384"
}
COOKIES=> {
  "sessionid": "1515568772384"
}
BODY=> {}
------------------------------
Wed Jan 10 2018 12:50:25 PM
POST /login.html
HEADERS=> {
  "host": "localhost:8000",
  "connection": "keep-alive",
  "content-length": "28",
  "cache-control": "max-age=0",
  "origin": "http://localhost:8000",
  "upgrade-insecure-requests": "1",
  "content-type": "application/x-www-form-urlencoded",
  "user-agent": "Mozilla/5.0 (Macintosh; Intel Mac OS X 10_13_2) AppleWebKit/537.36 (KHTML, like Gecko) Chrome/63.0.3239.132 Safari/537.36",
  "accept": "text/html,application/xhtml+xml,application/xml;q=0.9,image/webp,image/apng,*/*;q=0.8",
  "referer": "http://localhost:8000/login.html",
  "accept-encoding": "gzip, deflate, br",
  "accept-language": "en-US,en;q=0.9",
  "cookie": "sessionid=1515568772384"
}
COOKIES=> {
  "sessionid": "1515568772384"
}
BODY=> {
  "userName": "yogi",
  "place": "banglore"
}
------------------------------
Wed Jan 10 2018 12:50:25 PM
GET /guestBook
HEADERS=> {
  "host": "localhost:8000",
  "connection": "keep-alive",
  "cache-control": "max-age=0",
  "upgrade-insecure-requests": "1",
  "user-agent": "Mozilla/5.0 (Macintosh; Intel Mac OS X 10_13_2) AppleWebKit/537.36 (KHTML, like Gecko) Chrome/63.0.3239.132 Safari/537.36",
  "accept": "text/html,application/xhtml+xml,application/xml;q=0.9,image/webp,image/apng,*/*;q=0.8",
  "referer": "http://localhost:8000/login.html",
  "accept-encoding": "gzip, deflate, br",
  "accept-language": "en-US,en;q=0.9",
  "cookie": "sessionid=1515568825151"
}
COOKIES=> {
  "sessionid": "1515568825151"
}
BODY=> {}
------------------------------
Wed Jan 10 2018 12:51:29 PM
GET /guestBook
HEADERS=> {
  "host": "localhost:8000",
  "connection": "keep-alive",
  "cache-control": "max-age=0",
  "user-agent": "Mozilla/5.0 (Macintosh; Intel Mac OS X 10_13_2) AppleWebKit/537.36 (KHTML, like Gecko) Chrome/63.0.3239.132 Safari/537.36",
  "upgrade-insecure-requests": "1",
  "accept": "text/html,application/xhtml+xml,application/xml;q=0.9,image/webp,image/apng,*/*;q=0.8",
  "referer": "http://localhost:8000/login.html",
  "accept-encoding": "gzip, deflate, br",
  "accept-language": "en-US,en;q=0.9",
  "cookie": "sessionid=1515568825151"
}
COOKIES=> {
  "sessionid": "1515568825151"
}
BODY=> {}
------------------------------
Wed Jan 10 2018 12:51:43 PM
POST /login.html
HEADERS=> {
  "host": "localhost:8000",
  "connection": "keep-alive",
  "content-length": "28",
  "cache-control": "max-age=0",
  "origin": "http://localhost:8000",
  "upgrade-insecure-requests": "1",
  "content-type": "application/x-www-form-urlencoded",
  "user-agent": "Mozilla/5.0 (Macintosh; Intel Mac OS X 10_13_2) AppleWebKit/537.36 (KHTML, like Gecko) Chrome/63.0.3239.132 Safari/537.36",
  "accept": "text/html,application/xhtml+xml,application/xml;q=0.9,image/webp,image/apng,*/*;q=0.8",
  "referer": "http://localhost:8000/login.html",
  "accept-encoding": "gzip, deflate, br",
  "accept-language": "en-US,en;q=0.9",
  "cookie": "sessionid=1515568825151"
}
COOKIES=> {
  "sessionid": "1515568825151"
}
BODY=> {
  "userName": "yogi",
  "place": "banglore"
}
------------------------------
Wed Jan 10 2018 12:51:43 PM
GET /guestBook
HEADERS=> {
  "host": "localhost:8000",
  "connection": "keep-alive",
  "cache-control": "max-age=0",
  "upgrade-insecure-requests": "1",
  "user-agent": "Mozilla/5.0 (Macintosh; Intel Mac OS X 10_13_2) AppleWebKit/537.36 (KHTML, like Gecko) Chrome/63.0.3239.132 Safari/537.36",
  "accept": "text/html,application/xhtml+xml,application/xml;q=0.9,image/webp,image/apng,*/*;q=0.8",
  "referer": "http://localhost:8000/login.html",
  "accept-encoding": "gzip, deflate, br",
  "accept-language": "en-US,en;q=0.9",
  "cookie": "sessionid=1515568903192"
}
COOKIES=> {
  "sessionid": "1515568903192"
}
BODY=> {}
------------------------------
Wed Jan 10 2018 12:51:47 PM
GET /logout
HEADERS=> {
  "host": "localhost:8000",
  "connection": "keep-alive",
  "upgrade-insecure-requests": "1",
  "user-agent": "Mozilla/5.0 (Macintosh; Intel Mac OS X 10_13_2) AppleWebKit/537.36 (KHTML, like Gecko) Chrome/63.0.3239.132 Safari/537.36",
  "accept": "text/html,application/xhtml+xml,application/xml;q=0.9,image/webp,image/apng,*/*;q=0.8",
  "referer": "http://localhost:8000/guestBook",
  "accept-encoding": "gzip, deflate, br",
  "accept-language": "en-US,en;q=0.9",
  "cookie": "sessionid=1515568903192"
}
COOKIES=> {
  "sessionid": "1515568903192"
}
BODY=> {}
------------------------------
Wed Jan 10 2018 12:51:47 PM
GET /guestBook
HEADERS=> {
  "host": "localhost:8000",
  "connection": "keep-alive",
  "upgrade-insecure-requests": "1",
  "user-agent": "Mozilla/5.0 (Macintosh; Intel Mac OS X 10_13_2) AppleWebKit/537.36 (KHTML, like Gecko) Chrome/63.0.3239.132 Safari/537.36",
  "accept": "text/html,application/xhtml+xml,application/xml;q=0.9,image/webp,image/apng,*/*;q=0.8",
  "referer": "http://localhost:8000/guestBook",
  "accept-encoding": "gzip, deflate, br",
  "accept-language": "en-US,en;q=0.9"
}
COOKIES=> {}
BODY=> {}
------------------------------
Wed Jan 10 2018 12:51:55 PM
POST /login.html
HEADERS=> {
  "host": "localhost:8000",
  "connection": "keep-alive",
  "content-length": "28",
  "cache-control": "max-age=0",
  "origin": "http://localhost:8000",
  "upgrade-insecure-requests": "1",
  "content-type": "application/x-www-form-urlencoded",
  "user-agent": "Mozilla/5.0 (Macintosh; Intel Mac OS X 10_13_2) AppleWebKit/537.36 (KHTML, like Gecko) Chrome/63.0.3239.132 Safari/537.36",
  "accept": "text/html,application/xhtml+xml,application/xml;q=0.9,image/webp,image/apng,*/*;q=0.8",
  "referer": "http://localhost:8000/login.html",
  "accept-encoding": "gzip, deflate, br",
  "accept-language": "en-US,en;q=0.9"
}
COOKIES=> {}
BODY=> {
  "userName": "yogi",
  "place": "banglore"
}
------------------------------
Wed Jan 10 2018 12:51:55 PM
GET /guestBook
HEADERS=> {
  "host": "localhost:8000",
  "connection": "keep-alive",
  "cache-control": "max-age=0",
  "upgrade-insecure-requests": "1",
  "user-agent": "Mozilla/5.0 (Macintosh; Intel Mac OS X 10_13_2) AppleWebKit/537.36 (KHTML, like Gecko) Chrome/63.0.3239.132 Safari/537.36",
  "accept": "text/html,application/xhtml+xml,application/xml;q=0.9,image/webp,image/apng,*/*;q=0.8",
  "referer": "http://localhost:8000/login.html",
  "accept-encoding": "gzip, deflate, br",
  "accept-language": "en-US,en;q=0.9",
  "cookie": "sessionid=1515568915419"
}
COOKIES=> {
  "sessionid": "1515568915419"
}
BODY=> {}
------------------------------
Wed Jan 10 2018 12:53:17 PM
GET /guestBook
HEADERS=> {
  "host": "localhost:8000",
  "connection": "keep-alive",
  "cache-control": "max-age=0",
  "user-agent": "Mozilla/5.0 (Macintosh; Intel Mac OS X 10_13_2) AppleWebKit/537.36 (KHTML, like Gecko) Chrome/63.0.3239.132 Safari/537.36",
  "upgrade-insecure-requests": "1",
  "accept": "text/html,application/xhtml+xml,application/xml;q=0.9,image/webp,image/apng,*/*;q=0.8",
  "referer": "http://localhost:8000/login.html",
  "accept-encoding": "gzip, deflate, br",
  "accept-language": "en-US,en;q=0.9",
  "cookie": "sessionid=1515568915419"
}
COOKIES=> {
  "sessionid": "1515568915419"
}
BODY=> {}
------------------------------
Wed Jan 10 2018 12:55:08 PM
POST /login.html
HEADERS=> {
  "host": "localhost:8000",
  "connection": "keep-alive",
  "content-length": "16",
  "cache-control": "max-age=0",
  "origin": "http://localhost:8000",
  "upgrade-insecure-requests": "1",
  "content-type": "application/x-www-form-urlencoded",
  "user-agent": "Mozilla/5.0 (Macintosh; Intel Mac OS X 10_13_2) AppleWebKit/537.36 (KHTML, like Gecko) Chrome/63.0.3239.132 Safari/537.36",
  "accept": "text/html,application/xhtml+xml,application/xml;q=0.9,image/webp,image/apng,*/*;q=0.8",
  "referer": "http://localhost:8000/login.html",
  "accept-encoding": "gzip, deflate, br",
  "accept-language": "en-US,en;q=0.9",
  "cookie": "sessionid=1515568915419"
}
COOKIES=> {
  "sessionid": "1515568915419"
}
BODY=> {
  "userName": "",
  "place": ""
}
------------------------------
Wed Jan 10 2018 12:55:14 PM
POST /login.html
HEADERS=> {
  "host": "localhost:8000",
  "connection": "keep-alive",
  "content-length": "28",
  "cache-control": "max-age=0",
  "origin": "http://localhost:8000",
  "upgrade-insecure-requests": "1",
  "content-type": "application/x-www-form-urlencoded",
  "user-agent": "Mozilla/5.0 (Macintosh; Intel Mac OS X 10_13_2) AppleWebKit/537.36 (KHTML, like Gecko) Chrome/63.0.3239.132 Safari/537.36",
  "accept": "text/html,application/xhtml+xml,application/xml;q=0.9,image/webp,image/apng,*/*;q=0.8",
  "referer": "http://localhost:8000/login.html",
  "accept-encoding": "gzip, deflate, br",
  "accept-language": "en-US,en;q=0.9",
  "cookie": "sessionid=1515568915419"
}
COOKIES=> {
  "sessionid": "1515568915419"
}
BODY=> {
  "userName": "yogi",
  "place": "banglore"
}
------------------------------
Wed Jan 10 2018 12:55:14 PM
GET /guestBook
HEADERS=> {
  "host": "localhost:8000",
  "connection": "keep-alive",
  "cache-control": "max-age=0",
  "upgrade-insecure-requests": "1",
  "user-agent": "Mozilla/5.0 (Macintosh; Intel Mac OS X 10_13_2) AppleWebKit/537.36 (KHTML, like Gecko) Chrome/63.0.3239.132 Safari/537.36",
  "accept": "text/html,application/xhtml+xml,application/xml;q=0.9,image/webp,image/apng,*/*;q=0.8",
  "referer": "http://localhost:8000/login.html",
  "accept-encoding": "gzip, deflate, br",
  "accept-language": "en-US,en;q=0.9",
  "cookie": "sessionid=1515569114087"
}
COOKIES=> {
  "sessionid": "1515569114087"
}
BODY=> {}
------------------------------
Wed Jan 10 2018 12:55:45 PM
GET /guestBook
HEADERS=> {
  "host": "localhost:8000",
  "connection": "keep-alive",
  "cache-control": "max-age=0",
  "user-agent": "Mozilla/5.0 (Macintosh; Intel Mac OS X 10_13_2) AppleWebKit/537.36 (KHTML, like Gecko) Chrome/63.0.3239.132 Safari/537.36",
  "upgrade-insecure-requests": "1",
  "accept": "text/html,application/xhtml+xml,application/xml;q=0.9,image/webp,image/apng,*/*;q=0.8",
  "referer": "http://localhost:8000/login.html",
  "accept-encoding": "gzip, deflate, br",
  "accept-language": "en-US,en;q=0.9",
  "cookie": "sessionid=1515569114087"
}
COOKIES=> {
  "sessionid": "1515569114087"
}
BODY=> {}
------------------------------
Wed Jan 10 2018 12:55:50 PM
GET /guestBook
HEADERS=> {
  "host": "localhost:8000",
  "connection": "keep-alive",
  "cache-control": "max-age=0",
  "user-agent": "Mozilla/5.0 (Macintosh; Intel Mac OS X 10_13_2) AppleWebKit/537.36 (KHTML, like Gecko) Chrome/63.0.3239.132 Safari/537.36",
  "upgrade-insecure-requests": "1",
  "accept": "text/html,application/xhtml+xml,application/xml;q=0.9,image/webp,image/apng,*/*;q=0.8",
  "referer": "http://localhost:8000/login.html",
  "accept-encoding": "gzip, deflate, br",
  "accept-language": "en-US,en;q=0.9",
  "cookie": "sessionid=1515569114087"
}
COOKIES=> {
  "sessionid": "1515569114087"
}
BODY=> {}
------------------------------
Wed Jan 10 2018 12:55:51 PM
GET /guestBook
HEADERS=> {
  "host": "localhost:8000",
  "connection": "keep-alive",
  "cache-control": "max-age=0",
  "user-agent": "Mozilla/5.0 (Macintosh; Intel Mac OS X 10_13_2) AppleWebKit/537.36 (KHTML, like Gecko) Chrome/63.0.3239.132 Safari/537.36",
  "upgrade-insecure-requests": "1",
  "accept": "text/html,application/xhtml+xml,application/xml;q=0.9,image/webp,image/apng,*/*;q=0.8",
  "referer": "http://localhost:8000/login.html",
  "accept-encoding": "gzip, deflate, br",
  "accept-language": "en-US,en;q=0.9",
  "cookie": "sessionid=1515569114087"
}
COOKIES=> {
  "sessionid": "1515569114087"
}
BODY=> {}
------------------------------
Wed Jan 10 2018 12:55:51 PM
GET /guestBook
HEADERS=> {
  "host": "localhost:8000",
  "connection": "keep-alive",
  "cache-control": "max-age=0",
  "user-agent": "Mozilla/5.0 (Macintosh; Intel Mac OS X 10_13_2) AppleWebKit/537.36 (KHTML, like Gecko) Chrome/63.0.3239.132 Safari/537.36",
  "upgrade-insecure-requests": "1",
  "accept": "text/html,application/xhtml+xml,application/xml;q=0.9,image/webp,image/apng,*/*;q=0.8",
  "referer": "http://localhost:8000/login.html",
  "accept-encoding": "gzip, deflate, br",
  "accept-language": "en-US,en;q=0.9",
  "cookie": "sessionid=1515569114087"
}
COOKIES=> {
  "sessionid": "1515569114087"
}
BODY=> {}
------------------------------
Wed Jan 10 2018 12:56:01 PM
GET /guestBook
HEADERS=> {
  "host": "localhost:8000",
  "connection": "keep-alive",
  "cache-control": "max-age=0",
  "user-agent": "Mozilla/5.0 (Macintosh; Intel Mac OS X 10_13_2) AppleWebKit/537.36 (KHTML, like Gecko) Chrome/63.0.3239.132 Safari/537.36",
  "upgrade-insecure-requests": "1",
  "accept": "text/html,application/xhtml+xml,application/xml;q=0.9,image/webp,image/apng,*/*;q=0.8",
  "referer": "http://localhost:8000/login.html",
  "accept-encoding": "gzip, deflate, br",
  "accept-language": "en-US,en;q=0.9",
  "cookie": "sessionid=1515569114087"
}
COOKIES=> {
  "sessionid": "1515569114087"
}
BODY=> {}
------------------------------
Wed Jan 10 2018 12:56:08 PM
POST /login.html
HEADERS=> {
  "host": "localhost:8000",
  "connection": "keep-alive",
  "content-length": "28",
  "cache-control": "max-age=0",
  "origin": "http://localhost:8000",
  "upgrade-insecure-requests": "1",
  "content-type": "application/x-www-form-urlencoded",
  "user-agent": "Mozilla/5.0 (Macintosh; Intel Mac OS X 10_13_2) AppleWebKit/537.36 (KHTML, like Gecko) Chrome/63.0.3239.132 Safari/537.36",
  "accept": "text/html,application/xhtml+xml,application/xml;q=0.9,image/webp,image/apng,*/*;q=0.8",
  "referer": "http://localhost:8000/login.html",
  "accept-encoding": "gzip, deflate, br",
  "accept-language": "en-US,en;q=0.9",
  "cookie": "sessionid=1515569114087"
}
COOKIES=> {
  "sessionid": "1515569114087"
}
BODY=> {
  "userName": "yogi",
  "place": "banglore"
}
------------------------------
Wed Jan 10 2018 12:56:08 PM
GET /guestBook
HEADERS=> {
  "host": "localhost:8000",
  "connection": "keep-alive",
  "cache-control": "max-age=0",
  "upgrade-insecure-requests": "1",
  "user-agent": "Mozilla/5.0 (Macintosh; Intel Mac OS X 10_13_2) AppleWebKit/537.36 (KHTML, like Gecko) Chrome/63.0.3239.132 Safari/537.36",
  "accept": "text/html,application/xhtml+xml,application/xml;q=0.9,image/webp,image/apng,*/*;q=0.8",
  "referer": "http://localhost:8000/login.html",
  "accept-encoding": "gzip, deflate, br",
  "accept-language": "en-US,en;q=0.9",
  "cookie": "sessionid=1515569168229"
}
COOKIES=> {
  "sessionid": "1515569168229"
}
BODY=> {}
------------------------------
Wed Jan 10 2018 12:58:24 PM
GET /guestBook
HEADERS=> {
  "host": "localhost:8000",
  "connection": "keep-alive",
  "cache-control": "max-age=0",
  "user-agent": "Mozilla/5.0 (Macintosh; Intel Mac OS X 10_13_2) AppleWebKit/537.36 (KHTML, like Gecko) Chrome/63.0.3239.132 Safari/537.36",
  "upgrade-insecure-requests": "1",
  "accept": "text/html,application/xhtml+xml,application/xml;q=0.9,image/webp,image/apng,*/*;q=0.8",
  "referer": "http://localhost:8000/login.html",
  "accept-encoding": "gzip, deflate, br",
  "accept-language": "en-US,en;q=0.9",
  "cookie": "sessionid=1515569168229"
}
COOKIES=> {
  "sessionid": "1515569168229"
}
BODY=> {}
------------------------------
Wed Jan 10 2018 12:58:30 PM
POST /login.html
HEADERS=> {
  "host": "localhost:8000",
  "connection": "keep-alive",
  "content-length": "28",
  "cache-control": "max-age=0",
  "origin": "http://localhost:8000",
  "upgrade-insecure-requests": "1",
  "content-type": "application/x-www-form-urlencoded",
  "user-agent": "Mozilla/5.0 (Macintosh; Intel Mac OS X 10_13_2) AppleWebKit/537.36 (KHTML, like Gecko) Chrome/63.0.3239.132 Safari/537.36",
  "accept": "text/html,application/xhtml+xml,application/xml;q=0.9,image/webp,image/apng,*/*;q=0.8",
  "referer": "http://localhost:8000/login.html",
  "accept-encoding": "gzip, deflate, br",
  "accept-language": "en-US,en;q=0.9",
  "cookie": "sessionid=1515569168229"
}
COOKIES=> {
  "sessionid": "1515569168229"
}
BODY=> {
  "userName": "yogi",
  "place": "banglore"
}
------------------------------
Wed Jan 10 2018 12:58:30 PM
GET /guestBook
HEADERS=> {
  "host": "localhost:8000",
  "connection": "keep-alive",
  "cache-control": "max-age=0",
  "upgrade-insecure-requests": "1",
  "user-agent": "Mozilla/5.0 (Macintosh; Intel Mac OS X 10_13_2) AppleWebKit/537.36 (KHTML, like Gecko) Chrome/63.0.3239.132 Safari/537.36",
  "accept": "text/html,application/xhtml+xml,application/xml;q=0.9,image/webp,image/apng,*/*;q=0.8",
  "referer": "http://localhost:8000/login.html",
  "accept-encoding": "gzip, deflate, br",
  "accept-language": "en-US,en;q=0.9",
  "cookie": "sessionid=1515569310147"
}
COOKIES=> {
  "sessionid": "1515569310147"
}
BODY=> {}
------------------------------
Wed Jan 10 2018 12:58:32 PM
GET /logout
HEADERS=> {
  "host": "localhost:8000",
  "connection": "keep-alive",
  "upgrade-insecure-requests": "1",
  "user-agent": "Mozilla/5.0 (Macintosh; Intel Mac OS X 10_13_2) AppleWebKit/537.36 (KHTML, like Gecko) Chrome/63.0.3239.132 Safari/537.36",
  "accept": "text/html,application/xhtml+xml,application/xml;q=0.9,image/webp,image/apng,*/*;q=0.8",
  "referer": "http://localhost:8000/guestBook",
  "accept-encoding": "gzip, deflate, br",
  "accept-language": "en-US,en;q=0.9",
  "cookie": "sessionid=1515569310147"
}
COOKIES=> {
  "sessionid": "1515569310147"
}
BODY=> {}
------------------------------
Wed Jan 10 2018 12:58:32 PM
GET /guestBook
HEADERS=> {
  "host": "localhost:8000",
  "connection": "keep-alive",
  "upgrade-insecure-requests": "1",
  "user-agent": "Mozilla/5.0 (Macintosh; Intel Mac OS X 10_13_2) AppleWebKit/537.36 (KHTML, like Gecko) Chrome/63.0.3239.132 Safari/537.36",
  "accept": "text/html,application/xhtml+xml,application/xml;q=0.9,image/webp,image/apng,*/*;q=0.8",
  "referer": "http://localhost:8000/guestBook",
  "accept-encoding": "gzip, deflate, br",
  "accept-language": "en-US,en;q=0.9"
}
COOKIES=> {}
BODY=> {}
